<?xml version="1.0" encoding="UTF-8"?>
<coverage generated="1526886200510" clover="3.2.0">
  <project timestamp="1526886200510" name="All files">
    <metrics statements="131" coveredstatements="0" conditionals="16" coveredconditionals="0" methods="19" coveredmethods="0" elements="166" coveredelements="0" complexity="0" loc="131" ncloc="131" packages="7" files="20" classes="20">
      <package name="webpack-react-redux-master">
        <metrics statements="17" coveredstatements="0" conditionals="2" coveredconditionals="0" methods="1" coveredmethods="0"/>
        <file name="server.js" path="C:\Users\bplos\Downloads\webpack-react-redux-master2\webpack-react-redux-master\server.js">
          <metrics statements="7" coveredstatements="0" conditionals="2" coveredconditionals="0" methods="1" coveredmethods="0"/>
          <line num="1" count="0" type="stmt"/>
          <line num="2" count="0" type="stmt"/>
          <line num="3" count="0" type="stmt"/>
          <line num="5" count="0" type="stmt"/>
          <line num="25" count="0" type="cond" truecount="0" falsecount="2"/>
          <line num="26" count="0" type="stmt"/>
          <line num="29" count="0" type="stmt"/>
        </file>
        <file name="webpack.config.js" path="C:\Users\bplos\Downloads\webpack-react-redux-master2\webpack-react-redux-master\webpack.config.js">
          <metrics statements="4" coveredstatements="0" conditionals="0" coveredconditionals="0" methods="0" coveredmethods="0"/>
          <line num="3" count="0" type="stmt"/>
          <line num="4" count="0" type="stmt"/>
          <line num="5" count="0" type="stmt"/>
          <line num="7" count="0" type="stmt"/>
        </file>
        <file name="webpack.production.config.js" path="C:\Users\bplos\Downloads\webpack-react-redux-master2\webpack-react-redux-master\webpack.production.config.js">
          <metrics statements="6" coveredstatements="0" conditionals="0" coveredconditionals="0" methods="0" coveredmethods="0"/>
          <line num="3" count="0" type="stmt"/>
          <line num="4" count="0" type="stmt"/>
          <line num="5" count="0" type="stmt"/>
          <line num="6" count="0" type="stmt"/>
          <line num="7" count="0" type="stmt"/>
          <line num="9" count="0" type="stmt"/>
        </file>
      </package>
      <package name="webpack-react-redux-master.app">
        <metrics statements="18" coveredstatements="0" conditionals="2" coveredconditionals="0" methods="1" coveredmethods="0"/>
        <file name="index.js" path="C:\Users\bplos\Downloads\webpack-react-redux-master2\webpack-react-redux-master\app\index.js">
          <metrics statements="14" coveredstatements="0" conditionals="2" coveredconditionals="0" methods="1" coveredmethods="0"/>
          <line num="1" count="0" type="stmt"/>
          <line num="2" count="0" type="stmt"/>
          <line num="3" count="0" type="stmt"/>
          <line num="4" count="0" type="stmt"/>
          <line num="5" count="0" type="stmt"/>
          <line num="7" count="0" type="stmt"/>
          <line num="9" count="0" type="stmt"/>
          <line num="16" count="0" type="cond" truecount="0" falsecount="2"/>
          <line num="17" count="0" type="stmt"/>
          <line num="18" count="0" type="stmt"/>
          <line num="19" count="0" type="stmt"/>
          <line num="20" count="0" type="stmt"/>
          <line num="21" count="0" type="stmt"/>
          <line num="22" count="0" type="stmt"/>
        </file>
        <file name="routes.js" path="C:\Users\bplos\Downloads\webpack-react-redux-master2\webpack-react-redux-master\app\routes.js">
          <metrics statements="4" coveredstatements="0" conditionals="0" coveredconditionals="0" methods="0" coveredmethods="0"/>
          <line num="1" count="0" type="stmt"/>
          <line num="2" count="0" type="stmt"/>
          <line num="3" count="0" type="stmt"/>
          <line num="4" count="0" type="stmt"/>
        </file>
      </package>
      <package name="webpack-react-redux-master.app.actions">
        <metrics statements="3" coveredstatements="0" conditionals="0" coveredconditionals="0" methods="1" coveredmethods="0"/>
        <file name="index.js" path="C:\Users\bplos\Downloads\webpack-react-redux-master2\webpack-react-redux-master\app\actions\index.js">
          <metrics statements="2" coveredstatements="0" conditionals="0" coveredconditionals="0" methods="1" coveredmethods="0"/>
          <line num="1" count="0" type="stmt"/>
          <line num="4" count="0" type="stmt"/>
        </file>
        <file name="types.js" path="C:\Users\bplos\Downloads\webpack-react-redux-master2\webpack-react-redux-master\app\actions\types.js">
          <metrics statements="1" coveredstatements="0" conditionals="0" coveredconditionals="0" methods="0" coveredmethods="0"/>
          <line num="1" count="0" type="stmt"/>
        </file>
      </package>
      <package name="webpack-react-redux-master.app.components">
        <metrics statements="24" coveredstatements="0" conditionals="2" coveredconditionals="0" methods="5" coveredmethods="0"/>
        <file name="About.js" path="C:\Users\bplos\Downloads\webpack-react-redux-master2\webpack-react-redux-master\app\components\About.js">
          <metrics statements="2" coveredstatements="0" conditionals="0" coveredconditionals="0" methods="1" coveredmethods="0"/>
          <line num="1" count="0" type="stmt"/>
          <line num="3" count="0" type="stmt"/>
        </file>
        <file name="App.js" path="C:\Users\bplos\Downloads\webpack-react-redux-master2\webpack-react-redux-master\app\components\App.js">
          <metrics statements="5" coveredstatements="0" conditionals="0" coveredconditionals="0" methods="1" coveredmethods="0"/>
          <line num="1" count="0" type="stmt"/>
          <line num="2" count="0" type="stmt"/>
          <line num="3" count="0" type="stmt"/>
          <line num="4" count="0" type="stmt"/>
          <line num="6" count="0" type="stmt"/>
        </file>
        <file name="ProductRow.js" path="C:\Users\bplos\Downloads\webpack-react-redux-master2\webpack-react-redux-master\app\components\ProductRow.js">
          <metrics statements="4" coveredstatements="0" conditionals="0" coveredconditionals="0" methods="1" coveredmethods="0"/>
          <line num="1" count="0" type="stmt"/>
          <line num="2" count="0" type="stmt"/>
          <line num="4" count="0" type="stmt"/>
          <line num="9" count="0" type="stmt"/>
        </file>
        <file name="ProductTable.js" path="C:\Users\bplos\Downloads\webpack-react-redux-master2\webpack-react-redux-master\app\components\ProductTable.js">
          <metrics statements="13" coveredstatements="0" conditionals="2" coveredconditionals="0" methods="2" coveredmethods="0"/>
          <line num="1" count="0" type="stmt"/>
          <line num="2" count="0" type="stmt"/>
          <line num="3" count="0" type="stmt"/>
          <line num="5" count="0" type="stmt"/>
          <line num="14" count="0" type="stmt"/>
          <line num="15" count="0" type="stmt"/>
          <line num="17" count="0" type="stmt"/>
          <line num="18" count="0" type="stmt"/>
          <line num="19" count="0" type="stmt"/>
          <line num="21" count="0" type="cond" truecount="0" falsecount="2"/>
          <line num="22" count="0" type="stmt"/>
          <line num="28" count="0" type="stmt"/>
          <line num="31" count="0" type="stmt"/>
        </file>
      </package>
      <package name="webpack-react-redux-master.app.containers">
        <metrics statements="43" coveredstatements="0" conditionals="2" coveredconditionals="0" methods="8" coveredmethods="0"/>
        <file name="DevTools.js" path="C:\Users\bplos\Downloads\webpack-react-redux-master2\webpack-react-redux-master\app\containers\DevTools.js">
          <metrics statements="4" coveredstatements="0" conditionals="0" coveredconditionals="0" methods="0" coveredmethods="0"/>
          <line num="1" count="0" type="stmt"/>
          <line num="2" count="0" type="stmt"/>
          <line num="3" count="0" type="stmt"/>
          <line num="4" count="0" type="stmt"/>
        </file>
        <file name="FilterableTable.js" path="C:\Users\bplos\Downloads\webpack-react-redux-master2\webpack-react-redux-master\app\containers\FilterableTable.js">
          <metrics statements="17" coveredstatements="0" conditionals="0" coveredconditionals="0" methods="6" coveredmethods="0"/>
          <line num="1" count="0" type="stmt"/>
          <line num="2" count="0" type="stmt"/>
          <line num="3" count="0" type="stmt"/>
          <line num="4" count="0" type="stmt"/>
          <line num="5" count="0" type="stmt"/>
          <line num="6" count="0" type="stmt"/>
          <line num="8" count="0" type="stmt"/>
          <line num="9" count="0" type="stmt"/>
          <line num="11" count="0" type="stmt"/>
          <line num="15" count="0" type="stmt"/>
          <line num="16" count="0" type="stmt"/>
          <line num="23" count="0" type="stmt"/>
          <line num="28" count="0" type="stmt"/>
          <line num="29" count="0" type="stmt"/>
          <line num="34" count="0" type="stmt"/>
          <line num="35" count="0" type="stmt"/>
          <line num="36" count="0" type="stmt"/>
        </file>
        <file name="Root.dev.js" path="C:\Users\bplos\Downloads\webpack-react-redux-master2\webpack-react-redux-master\app\containers\Root.dev.js">
          <metrics statements="10" coveredstatements="0" conditionals="0" coveredconditionals="0" methods="1" coveredmethods="0"/>
          <line num="1" count="0" type="stmt"/>
          <line num="2" count="0" type="stmt"/>
          <line num="3" count="0" type="stmt"/>
          <line num="4" count="0" type="stmt"/>
          <line num="5" count="0" type="stmt"/>
          <line num="7" count="0" type="stmt"/>
          <line num="8" count="0" type="stmt"/>
          <line num="10" count="0" type="stmt"/>
          <line num="11" count="0" type="stmt"/>
          <line num="23" count="0" type="stmt"/>
        </file>
        <file name="Root.js" path="C:\Users\bplos\Downloads\webpack-react-redux-master2\webpack-react-redux-master\app\containers\Root.js">
          <metrics statements="3" coveredstatements="0" conditionals="2" coveredconditionals="0" methods="0" coveredmethods="0"/>
          <line num="1" count="0" type="cond" truecount="0" falsecount="2"/>
          <line num="2" count="0" type="stmt"/>
          <line num="4" count="0" type="stmt"/>
        </file>
        <file name="Root.prod.js" path="C:\Users\bplos\Downloads\webpack-react-redux-master2\webpack-react-redux-master\app\containers\Root.prod.js">
          <metrics statements="9" coveredstatements="0" conditionals="0" coveredconditionals="0" methods="1" coveredmethods="0"/>
          <line num="1" count="0" type="stmt"/>
          <line num="2" count="0" type="stmt"/>
          <line num="3" count="0" type="stmt"/>
          <line num="4" count="0" type="stmt"/>
          <line num="5" count="0" type="stmt"/>
          <line num="7" count="0" type="stmt"/>
          <line num="9" count="0" type="stmt"/>
          <line num="10" count="0" type="stmt"/>
          <line num="21" count="0" type="stmt"/>
        </file>
      </package>
      <package name="webpack-react-redux-master.app.reducers">
        <metrics statements="8" coveredstatements="0" conditionals="6" coveredconditionals="0" methods="1" coveredmethods="0"/>
        <file name="index.js" path="C:\Users\bplos\Downloads\webpack-react-redux-master2\webpack-react-redux-master\app\reducers\index.js">
          <metrics statements="8" coveredstatements="0" conditionals="6" coveredconditionals="0" methods="1" coveredmethods="0"/>
          <line num="1" count="0" type="stmt"/>
          <line num="2" count="0" type="stmt"/>
          <line num="3" count="0" type="stmt"/>
          <line num="5" count="0" type="cond" truecount="0" falsecount="4"/>
          <line num="6" count="0" type="stmt"/>
          <line num="8" count="0" type="stmt"/>
          <line num="10" count="0" type="stmt"/>
          <line num="15" count="0" type="stmt"/>
        </file>
      </package>
      <package name="webpack-react-redux-master.app.store">
        <metrics statements="18" coveredstatements="0" conditionals="2" coveredconditionals="0" methods="2" coveredmethods="0"/>
        <file name="configureStore.dev.js" path="C:\Users\bplos\Downloads\webpack-react-redux-master2\webpack-react-redux-master\app\store\configureStore.dev.js">
          <metrics statements="8" coveredstatements="0" conditionals="0" coveredconditionals="0" methods="1" coveredmethods="0"/>
          <line num="1" count="0" type="stmt"/>
          <line num="2" count="0" type="stmt"/>
          <line num="3" count="0" type="stmt"/>
          <line num="4" count="0" type="stmt"/>
          <line num="5" count="0" type="stmt"/>
          <line num="7" count="0" type="stmt"/>
          <line num="8" count="0" type="stmt"/>
          <line num="11" count="0" type="stmt"/>
        </file>
        <file name="configureStore.js" path="C:\Users\bplos\Downloads\webpack-react-redux-master2\webpack-react-redux-master\app\store\configureStore.js">
          <metrics statements="3" coveredstatements="0" conditionals="2" coveredconditionals="0" methods="0" coveredmethods="0"/>
          <line num="1" count="0" type="cond" truecount="0" falsecount="2"/>
          <line num="2" count="0" type="stmt"/>
          <line num="4" count="0" type="stmt"/>
        </file>
        <file name="configureStore.prod.js" path="C:\Users\bplos\Downloads\webpack-react-redux-master2\webpack-react-redux-master\app\store\configureStore.prod.js">
          <metrics statements="7" coveredstatements="0" conditionals="0" coveredconditionals="0" methods="1" coveredmethods="0"/>
          <line num="1" count="0" type="stmt"/>
          <line num="2" count="0" type="stmt"/>
          <line num="3" count="0" type="stmt"/>
          <line num="4" count="0" type="stmt"/>
          <line num="6" count="0" type="stmt"/>
          <line num="7" count="0" type="stmt"/>
          <line num="10" count="0" type="stmt"/>
        </file>
      </package>
    </metrics>
  </project>
</coverage>
