{"C:\\Users\\bplos\\Downloads\\webpack-react-redux-master2\\webpack-react-redux-master\\server.js": {"path":"C:\\Users\\bplos\\Downloads\\webpack-react-redux-master2\\webpack-react-redux-master\\server.js","statementMap":{"0":{"start":{"line":1,"column":14},"end":{"line":1,"column":0}},"1":{"start":{"line":2,"column":23},"end":{"line":2,"column":0}},"2":{"start":{"line":3,"column":13},"end":{"line":3,"column":0}},"3":{"start":{"line":5,"column":0},"end":{"line":null,"column":-1}},"4":{"start":{"line":25,"column":4},"end":{"line":27,"column":5}},"5":{"start":{"line":26,"column":8},"end":{"line":null,"column":-1}},"6":{"start":{"line":29,"column":2},"end":{"line":null,"column":-1}}},"fnMap":{"0":{"name":"(anonymous_0)","decl":{"start":{"line":24,"column":29},"end":{"line":24,"column":38}},"loc":{"start":{"line":24,"column":44},"end":{"line":5,"column":0}}}},"branchMap":{"0":{"loc":{"start":{"line":25,"column":4},"end":{"line":27,"column":5}},"type":"if","locations":[{"start":{"line":25,"column":4},"end":{"line":27,"column":5}},{"start":{"line":25,"column":4},"end":{"line":27,"column":5}}]}},"s":{"0":0,"1":0,"2":0,"3":0,"4":0,"5":0,"6":0},"f":{"0":0},"b":{"0":[0,0]}}
,"C:\\Users\\bplos\\Downloads\\webpack-react-redux-master2\\webpack-react-redux-master\\webpack.config.js": {"path":"C:\\Users\\bplos\\Downloads\\webpack-react-redux-master2\\webpack-react-redux-master\\webpack.config.js","statementMap":{"0":{"start":{"line":3,"column":11},"end":{"line":3,"column":0}},"1":{"start":{"line":4,"column":14},"end":{"line":4,"column":0}},"2":{"start":{"line":5,"column":24},"end":{"line":5,"column":0}},"3":{"start":{"line":7,"column":0},"end":{"line":null,"column":-1}}},"fnMap":{},"branchMap":{},"s":{"0":0,"1":0,"2":0,"3":0},"f":{},"b":{}}
,"C:\\Users\\bplos\\Downloads\\webpack-react-redux-master2\\webpack-react-redux-master\\webpack.production.config.js": {"path":"C:\\Users\\bplos\\Downloads\\webpack-react-redux-master2\\webpack-react-redux-master\\webpack.production.config.js","statementMap":{"0":{"start":{"line":3,"column":11},"end":{"line":3,"column":0}},"1":{"start":{"line":4,"column":14},"end":{"line":4,"column":0}},"2":{"start":{"line":5,"column":24},"end":{"line":5,"column":0}},"3":{"start":{"line":6,"column":24},"end":{"line":6,"column":0}},"4":{"start":{"line":7,"column":18},"end":{"line":7,"column":0}},"5":{"start":{"line":9,"column":0},"end":{"line":null,"column":-1}}},"fnMap":{},"branchMap":{},"s":{"0":0,"1":0,"2":0,"3":0,"4":0,"5":0},"f":{},"b":{}}
,"C:\\Users\\bplos\\Downloads\\webpack-react-redux-master2\\webpack-react-redux-master\\app\\index.js": {"path":"C:\\Users\\bplos\\Downloads\\webpack-react-redux-master2\\webpack-react-redux-master\\app\\index.js","statementMap":{"0":{"start":{"line":1,"column":0},"end":{"line":null,"column":-1}},"1":{"start":{"line":2,"column":0},"end":{"line":null,"column":-1}},"2":{"start":{"line":3,"column":0},"end":{"line":null,"column":-1}},"3":{"start":{"line":4,"column":0},"end":{"line":null,"column":-1}},"4":{"start":{"line":5,"column":0},"end":{"line":null,"column":-1}},"5":{"start":{"line":7,"column":14},"end":{"line":7,"column":0}},"6":{"start":{"line":9,"column":0},"end":{"line":null,"column":-1}},"7":{"start":{"line":16,"column":0},"end":{"line":29,"column":1}},"8":{"start":{"line":17,"column":4},"end":{"line":null,"column":-1}},"9":{"start":{"line":18,"column":34},"end":{"line":18,"column":8}},"10":{"start":{"line":19,"column":25},"end":{"line":19,"column":8}},"11":{"start":{"line":20,"column":27},"end":{"line":20,"column":8}},"12":{"start":{"line":21,"column":24},"end":{"line":21,"column":8}},"13":{"start":{"line":22,"column":8},"end":{"line":null,"column":-1}}},"fnMap":{"0":{"name":"(anonymous_1)","decl":{"start":{"line":17,"column":43},"end":{"line":17,"column":48}},"loc":{"start":{"line":17,"column":49},"end":{"line":17,"column":4}}}},"branchMap":{"0":{"loc":{"start":{"line":16,"column":0},"end":{"line":29,"column":1}},"type":"if","locations":[{"start":{"line":16,"column":0},"end":{"line":29,"column":1}},{"start":{"line":16,"column":0},"end":{"line":29,"column":1}}]}},"s":{"0":0,"1":0,"2":0,"3":0,"4":0,"5":0,"6":0,"7":0,"8":0,"9":0,"10":0,"11":0,"12":0,"13":0},"f":{"0":0},"b":{"0":[0,0]}}
,"C:\\Users\\bplos\\Downloads\\webpack-react-redux-master2\\webpack-react-redux-master\\app\\routes.js": {"path":"C:\\Users\\bplos\\Downloads\\webpack-react-redux-master2\\webpack-react-redux-master\\app\\routes.js","statementMap":{"0":{"start":{"line":1,"column":0},"end":{"line":null,"column":-1}},"1":{"start":{"line":2,"column":0},"end":{"line":null,"column":-1}},"2":{"start":{"line":3,"column":0},"end":{"line":null,"column":-1}},"3":{"start":{"line":4,"column":0},"end":{"line":null,"column":-1}}},"fnMap":{},"branchMap":{},"s":{"0":0,"1":0,"2":0,"3":0},"f":{},"b":{}}
,"C:\\Users\\bplos\\Downloads\\webpack-react-redux-master2\\webpack-react-redux-master\\app\\actions\\index.js": {"path":"C:\\Users\\bplos\\Downloads\\webpack-react-redux-master2\\webpack-react-redux-master\\app\\actions\\index.js","statementMap":{"0":{"start":{"line":1,"column":0},"end":{"line":null,"column":-1}},"1":{"start":{"line":4,"column":4},"end":{"line":null,"column":-1}}},"fnMap":{"0":{"name":"filterTable","decl":{"start":{"line":3,"column":16},"end":{"line":3,"column":7}},"loc":{"start":{"line":3,"column":36},"end":{"line":8,"column":1}}}},"branchMap":{},"s":{"0":0,"1":0},"f":{"0":0},"b":{}}
,"C:\\Users\\bplos\\Downloads\\webpack-react-redux-master2\\webpack-react-redux-master\\app\\actions\\types.js": {"path":"C:\\Users\\bplos\\Downloads\\webpack-react-redux-master2\\webpack-react-redux-master\\app\\actions\\types.js","statementMap":{"0":{"start":{"line":1,"column":13},"end":{"line":1,"column":7}}},"fnMap":{},"branchMap":{},"s":{"0":0},"f":{},"b":{}}
,"C:\\Users\\bplos\\Downloads\\webpack-react-redux-master2\\webpack-react-redux-master\\app\\components\\About.js": {"path":"C:\\Users\\bplos\\Downloads\\webpack-react-redux-master2\\webpack-react-redux-master\\app\\components\\About.js","statementMap":{"0":{"start":{"line":1,"column":0},"end":{"line":null,"column":-1}},"1":{"start":{"line":3,"column":14},"end":{"line":3,"column":0}},"2":{"start":{"line":3,"column":14},"end":{"line":null,"column":-1}}},"fnMap":{"0":{"name":"About","decl":{"start":{"line":3,"column":6},"end":{"line":3,"column":14}},"loc":{"start":{"line":3,"column":14},"end":{"line":3,"column":0}}}},"branchMap":{},"s":{"0":0,"1":0,"2":0},"f":{"0":0},"b":{}}
,"C:\\Users\\bplos\\Downloads\\webpack-react-redux-master2\\webpack-react-redux-master\\app\\components\\App.js": {"path":"C:\\Users\\bplos\\Downloads\\webpack-react-redux-master2\\webpack-react-redux-master\\app\\components\\App.js","statementMap":{"0":{"start":{"line":1,"column":0},"end":{"line":null,"column":-1}},"1":{"start":{"line":2,"column":0},"end":{"line":null,"column":-1}},"2":{"start":{"line":3,"column":0},"end":{"line":null,"column":-1}},"3":{"start":{"line":4,"column":0},"end":{"line":null,"column":-1}},"4":{"start":{"line":6,"column":12},"end":{"line":6,"column":0}},"5":{"start":{"line":6,"column":12},"end":{"line":null,"column":-1}}},"fnMap":{"0":{"name":"App","decl":{"start":{"line":6,"column":6},"end":{"line":6,"column":12}},"loc":{"start":{"line":6,"column":12},"end":{"line":6,"column":0}}}},"branchMap":{},"s":{"0":0,"1":0,"2":0,"3":0,"4":0,"5":0},"f":{"0":0},"b":{}}
,"C:\\Users\\bplos\\Downloads\\webpack-react-redux-master2\\webpack-react-redux-master\\app\\components\\ProductRow.js": {"path":"C:\\Users\\bplos\\Downloads\\webpack-react-redux-master2\\webpack-react-redux-master\\app\\components\\ProductRow.js","statementMap":{"0":{"start":{"line":1,"column":0},"end":{"line":null,"column":-1}},"1":{"start":{"line":2,"column":0},"end":{"line":null,"column":-1}},"2":{"start":{"line":4,"column":19},"end":{"line":4,"column":0}},"3":{"start":{"line":4,"column":19},"end":{"line":4,"column":18}},"4":{"start":{"line":4,"column":19},"end":{"line":null,"column":-1}},"5":{"start":{"line":9,"column":0},"end":{"line":null,"column":-1}}},"fnMap":{"0":{"name":"ProductRow","decl":{"start":{"line":4,"column":6},"end":{"line":4,"column":19}},"loc":{"start":{"line":4,"column":19},"end":{"line":4,"column":0}}}},"branchMap":{},"s":{"0":0,"1":0,"2":0,"3":0,"4":0,"5":0},"f":{"0":0},"b":{}}
,"C:\\Users\\bplos\\Downloads\\webpack-react-redux-master2\\webpack-react-redux-master\\app\\components\\ProductTable.js": {"path":"C:\\Users\\bplos\\Downloads\\webpack-react-redux-master2\\webpack-react-redux-master\\app\\components\\ProductTable.js","statementMap":{"0":{"start":{"line":1,"column":0},"end":{"line":null,"column":-1}},"1":{"start":{"line":2,"column":0},"end":{"line":null,"column":-1}},"2":{"start":{"line":3,"column":0},"end":{"line":null,"column":-1}},"3":{"start":{"line":5,"column":17},"end":{"line":5,"column":0}},"4":{"start":{"line":14,"column":21},"end":{"line":14,"column":0}},"5":{"start":{"line":14,"column":37},"end":{"line":14,"column":36}},"6":{"start":{"line":15,"column":15},"end":{"line":15,"column":4}},"7":{"start":{"line":17,"column":4},"end":{"line":null,"column":-1}},"8":{"start":{"line":18,"column":23},"end":{"line":18,"column":8}},"9":{"start":{"line":19,"column":25},"end":{"line":19,"column":8}},"10":{"start":{"line":21,"column":8},"end":{"line":25,"column":9}},"11":{"start":{"line":22,"column":12},"end":{"line":null,"column":-1}},"12":{"start":{"line":28,"column":4},"end":{"line":null,"column":-1}},"13":{"start":{"line":31,"column":0},"end":{"line":null,"column":-1}}},"fnMap":{"0":{"name":"ProductTable","decl":{"start":{"line":14,"column":6},"end":{"line":14,"column":21}},"loc":{"start":{"line":14,"column":37},"end":{"line":14,"column":0}}},"1":{"name":"(anonymous_2)","decl":{"start":{"line":17,"column":21},"end":{"line":17,"column":25}},"loc":{"start":{"line":17,"column":26},"end":{"line":17,"column":4}}}},"branchMap":{"0":{"loc":{"start":{"line":21,"column":8},"end":{"line":25,"column":9}},"type":"if","locations":[{"start":{"line":21,"column":8},"end":{"line":25,"column":9}},{"start":{"line":21,"column":8},"end":{"line":25,"column":9}}]}},"s":{"0":0,"1":0,"2":0,"3":0,"4":0,"5":0,"6":0,"7":0,"8":0,"9":0,"10":0,"11":0,"12":0,"13":0},"f":{"0":0,"1":0},"b":{"0":[0,0]}}
,"C:\\Users\\bplos\\Downloads\\webpack-react-redux-master2\\webpack-react-redux-master\\app\\containers\\DevTools.js": {"path":"C:\\Users\\bplos\\Downloads\\webpack-react-redux-master2\\webpack-react-redux-master\\app\\containers\\DevTools.js","statementMap":{"0":{"start":{"line":1,"column":0},"end":{"line":null,"column":-1}},"1":{"start":{"line":2,"column":0},"end":{"line":null,"column":-1}},"2":{"start":{"line":3,"column":0},"end":{"line":null,"column":-1}},"3":{"start":{"line":4,"column":0},"end":{"line":null,"column":-1}}},"fnMap":{},"branchMap":{},"s":{"0":0,"1":0,"2":0,"3":0},"f":{},"b":{}}
,"C:\\Users\\bplos\\Downloads\\webpack-react-redux-master2\\webpack-react-redux-master\\app\\containers\\FilterableTable.js": {"path":"C:\\Users\\bplos\\Downloads\\webpack-react-redux-master2\\webpack-react-redux-master\\app\\containers\\FilterableTable.js","statementMap":{"0":{"start":{"line":1,"column":0},"end":{"line":null,"column":-1}},"1":{"start":{"line":2,"column":0},"end":{"line":null,"column":-1}},"2":{"start":{"line":3,"column":0},"end":{"line":null,"column":-1}},"3":{"start":{"line":4,"column":0},"end":{"line":null,"column":-1}},"4":{"start":{"line":5,"column":0},"end":{"line":null,"column":-1}},"5":{"start":{"line":6,"column":0},"end":{"line":null,"column":-1}},"6":{"start":{"line":8,"column":24},"end":{"line":8,"column":0}},"7":{"start":{"line":8,"column":50},"end":{"line":8,"column":49}},"8":{"start":{"line":9,"column":8},"end":{"line":9,"column":4}},"9":{"start":{"line":11,"column":4},"end":{"line":null,"column":-1}},"10":{"start":{"line":15,"column":30},"end":{"line":null,"column":-1}},"11":{"start":{"line":16,"column":26},"end":{"line":null,"column":-1}},"12":{"start":{"line":23,"column":0},"end":{"line":null,"column":-1}},"13":{"start":{"line":28,"column":24},"end":{"line":28,"column":0}},"14":{"start":{"line":29,"column":4},"end":{"line":null,"column":-1}},"15":{"start":{"line":34,"column":27},"end":{"line":34,"column":0}},"16":{"start":{"line":35,"column":4},"end":{"line":null,"column":-1}},"17":{"start":{"line":36,"column":18},"end":{"line":null,"column":-1}}},"fnMap":{"0":{"name":"FilterableTable","decl":{"start":{"line":8,"column":6},"end":{"line":8,"column":24}},"loc":{"start":{"line":8,"column":50},"end":{"line":8,"column":0}}},"1":{"name":"ref","decl":{"start":{"line":15,"column":21},"end":{"line":15,"column":28}},"loc":{"start":{"line":15,"column":29},"end":{"line":13,"column":12}}},"2":{"name":"onChange","decl":{"start":{"line":16,"column":26},"end":{"line":null,"column":-1}},"loc":{"start":{"line":16,"column":26},"end":{"line":13,"column":12}}},"3":{"name":"mapStateToProps","decl":{"start":{"line":28,"column":6},"end":{"line":28,"column":24}},"loc":{"start":{"line":28,"column":35},"end":{"line":28,"column":0}}},"4":{"name":"mapDispatchToProps","decl":{"start":{"line":34,"column":6},"end":{"line":34,"column":27}},"loc":{"start":{"line":34,"column":41},"end":{"line":34,"column":0}}},"5":{"name":"onFilter","decl":{"start":{"line":36,"column":18},"end":{"line":null,"column":-1}},"loc":{"start":{"line":36,"column":18},"end":{"line":null,"column":-1}}}},"branchMap":{},"s":{"0":0,"1":0,"2":0,"3":0,"4":0,"5":0,"6":0,"7":0,"8":0,"9":0,"10":0,"11":0,"12":0,"13":0,"14":0,"15":0,"16":0,"17":0},"f":{"0":0,"1":0,"2":0,"3":0,"4":0,"5":0},"b":{}}
,"C:\\Users\\bplos\\Downloads\\webpack-react-redux-master2\\webpack-react-redux-master\\app\\containers\\Root.dev.js": {"path":"C:\\Users\\bplos\\Downloads\\webpack-react-redux-master2\\webpack-react-redux-master\\app\\containers\\Root.dev.js","statementMap":{"0":{"start":{"line":1,"column":0},"end":{"line":null,"column":-1}},"1":{"start":{"line":2,"column":0},"end":{"line":null,"column":-1}},"2":{"start":{"line":3,"column":0},"end":{"line":null,"column":-1}},"3":{"start":{"line":4,"column":0},"end":{"line":null,"column":-1}},"4":{"start":{"line":5,"column":0},"end":{"line":null,"column":-1}},"5":{"start":{"line":7,"column":0},"end":{"line":null,"column":-1}},"6":{"start":{"line":8,"column":0},"end":{"line":null,"column":-1}},"7":{"start":{"line":10,"column":47},"end":{"line":10,"column":46}},"8":{"start":{"line":11,"column":4},"end":{"line":null,"column":-1}},"9":{"start":{"line":23,"column":0},"end":{"line":null,"column":-1}}},"fnMap":{"0":{"name":"Root","decl":{"start":{"line":10,"column":24},"end":{"line":10,"column":15}},"loc":{"start":{"line":10,"column":47},"end":{"line":21,"column":1}}}},"branchMap":{},"s":{"0":0,"1":0,"2":0,"3":0,"4":0,"5":0,"6":0,"7":0,"8":0,"9":0},"f":{"0":0},"b":{}}
,"C:\\Users\\bplos\\Downloads\\webpack-react-redux-master2\\webpack-react-redux-master\\app\\containers\\Root.js": {"path":"C:\\Users\\bplos\\Downloads\\webpack-react-redux-master2\\webpack-react-redux-master\\app\\containers\\Root.js","statementMap":{"0":{"start":{"line":1,"column":0},"end":{"line":5,"column":1}},"1":{"start":{"line":2,"column":4},"end":{"line":null,"column":-1}},"2":{"start":{"line":4,"column":4},"end":{"line":null,"column":-1}}},"fnMap":{},"branchMap":{"0":{"loc":{"start":{"line":1,"column":0},"end":{"line":5,"column":1}},"type":"if","locations":[{"start":{"line":1,"column":0},"end":{"line":5,"column":1}},{"start":{"line":1,"column":0},"end":{"line":5,"column":1}}]}},"s":{"0":0,"1":0,"2":0},"f":{},"b":{"0":[0,0]}}
,"C:\\Users\\bplos\\Downloads\\webpack-react-redux-master2\\webpack-react-redux-master\\app\\containers\\Root.prod.js": {"path":"C:\\Users\\bplos\\Downloads\\webpack-react-redux-master2\\webpack-react-redux-master\\app\\containers\\Root.prod.js","statementMap":{"0":{"start":{"line":1,"column":0},"end":{"line":null,"column":-1}},"1":{"start":{"line":2,"column":0},"end":{"line":null,"column":-1}},"2":{"start":{"line":3,"column":0},"end":{"line":null,"column":-1}},"3":{"start":{"line":4,"column":0},"end":{"line":null,"column":-1}},"4":{"start":{"line":5,"column":0},"end":{"line":null,"column":-1}},"5":{"start":{"line":7,"column":0},"end":{"line":null,"column":-1}},"6":{"start":{"line":9,"column":47},"end":{"line":9,"column":46}},"7":{"start":{"line":10,"column":4},"end":{"line":null,"column":-1}},"8":{"start":{"line":21,"column":0},"end":{"line":null,"column":-1}}},"fnMap":{"0":{"name":"Root","decl":{"start":{"line":9,"column":24},"end":{"line":9,"column":15}},"loc":{"start":{"line":9,"column":47},"end":{"line":19,"column":1}}}},"branchMap":{},"s":{"0":0,"1":0,"2":0,"3":0,"4":0,"5":0,"6":0,"7":0,"8":0},"f":{"0":0},"b":{}}
,"C:\\Users\\bplos\\Downloads\\webpack-react-redux-master2\\webpack-react-redux-master\\app\\reducers\\index.js": {"path":"C:\\Users\\bplos\\Downloads\\webpack-react-redux-master2\\webpack-react-redux-master\\app\\reducers\\index.js","statementMap":{"0":{"start":{"line":1,"column":0},"end":{"line":null,"column":-1}},"1":{"start":{"line":2,"column":0},"end":{"line":null,"column":-1}},"2":{"start":{"line":3,"column":0},"end":{"line":null,"column":-1}},"3":{"start":{"line":5,"column":15},"end":{"line":5,"column":0}},"4":{"start":{"line":5,"column":39},"end":{"line":5,"column":38}},"5":{"start":{"line":5,"column":39},"end":{"line":null,"column":-1}},"6":{"start":{"line":6,"column":4},"end":{"line":null,"column":-1}},"7":{"start":{"line":8,"column":12},"end":{"line":null,"column":-1}},"8":{"start":{"line":10,"column":12},"end":{"line":null,"column":-1}},"9":{"start":{"line":15,"column":20},"end":{"line":15,"column":0}}},"fnMap":{"0":{"name":"filter","decl":{"start":{"line":5,"column":6},"end":{"line":5,"column":15}},"loc":{"start":{"line":5,"column":39},"end":{"line":5,"column":0}}}},"branchMap":{"0":{"loc":{"start":{"line":5,"column":39},"end":{"line":5,"column":23}},"type":"cond-expr","locations":[{"start":{"line":5,"column":39},"end":{"line":5,"column":23}},{"start":{"line":5,"column":24},"end":{"line":5,"column":39}}]},"1":{"loc":{"start":{"line":5,"column":39},"end":{"line":5,"column":23}},"type":"binary-expr","locations":[{"start":{"line":5,"column":39},"end":{"line":5,"column":23}},{"start":{"line":5,"column":39},"end":{"line":5,"column":23}}]},"2":{"loc":{"start":{"line":7,"column":8},"end":{"line":8,"column":12}},"type":"switch","locations":[{"start":{"line":7,"column":8},"end":{"line":8,"column":12}},{"start":{"line":9,"column":8},"end":{"line":10,"column":12}}]}},"s":{"0":0,"1":0,"2":0,"3":0,"4":0,"5":0,"6":0,"7":0,"8":0,"9":0},"f":{"0":0},"b":{"0":[0,0],"1":[0,0],"2":[0,0]}}
,"C:\\Users\\bplos\\Downloads\\webpack-react-redux-master2\\webpack-react-redux-master\\app\\store\\configureStore.dev.js": {"path":"C:\\Users\\bplos\\Downloads\\webpack-react-redux-master2\\webpack-react-redux-master\\app\\store\\configureStore.dev.js","statementMap":{"0":{"start":{"line":1,"column":0},"end":{"line":null,"column":-1}},"1":{"start":{"line":2,"column":0},"end":{"line":null,"column":-1}},"2":{"start":{"line":3,"column":0},"end":{"line":null,"column":-1}},"3":{"start":{"line":4,"column":0},"end":{"line":null,"column":-1}},"4":{"start":{"line":5,"column":0},"end":{"line":null,"column":-1}},"5":{"start":{"line":7,"column":13},"end":{"line":7,"column":7}},"6":{"start":{"line":8,"column":19},"end":{"line":8,"column":0}},"7":{"start":{"line":11,"column":4},"end":{"line":null,"column":-1}}},"fnMap":{"0":{"name":"configureStore","decl":{"start":{"line":10,"column":16},"end":{"line":10,"column":7}},"loc":{"start":{"line":10,"column":45},"end":{"line":19,"column":1}}}},"branchMap":{},"s":{"0":0,"1":0,"2":0,"3":0,"4":0,"5":0,"6":0,"7":0},"f":{"0":0},"b":{}}
,"C:\\Users\\bplos\\Downloads\\webpack-react-redux-master2\\webpack-react-redux-master\\app\\store\\configureStore.js": {"path":"C:\\Users\\bplos\\Downloads\\webpack-react-redux-master2\\webpack-react-redux-master\\app\\store\\configureStore.js","statementMap":{"0":{"start":{"line":1,"column":0},"end":{"line":5,"column":1}},"1":{"start":{"line":2,"column":4},"end":{"line":null,"column":-1}},"2":{"start":{"line":4,"column":4},"end":{"line":null,"column":-1}}},"fnMap":{},"branchMap":{"0":{"loc":{"start":{"line":1,"column":0},"end":{"line":5,"column":1}},"type":"if","locations":[{"start":{"line":1,"column":0},"end":{"line":5,"column":1}},{"start":{"line":1,"column":0},"end":{"line":5,"column":1}}]}},"s":{"0":0,"1":0,"2":0},"f":{},"b":{"0":[0,0]}}
,"C:\\Users\\bplos\\Downloads\\webpack-react-redux-master2\\webpack-react-redux-master\\app\\store\\configureStore.prod.js": {"path":"C:\\Users\\bplos\\Downloads\\webpack-react-redux-master2\\webpack-react-redux-master\\app\\store\\configureStore.prod.js","statementMap":{"0":{"start":{"line":1,"column":0},"end":{"line":null,"column":-1}},"1":{"start":{"line":2,"column":0},"end":{"line":null,"column":-1}},"2":{"start":{"line":3,"column":0},"end":{"line":null,"column":-1}},"3":{"start":{"line":4,"column":0},"end":{"line":null,"column":-1}},"4":{"start":{"line":6,"column":13},"end":{"line":6,"column":7}},"5":{"start":{"line":7,"column":19},"end":{"line":7,"column":0}},"6":{"start":{"line":10,"column":4},"end":{"line":null,"column":-1}}},"fnMap":{"0":{"name":"configureStore","decl":{"start":{"line":9,"column":16},"end":{"line":9,"column":7}},"loc":{"start":{"line":9,"column":45},"end":{"line":15,"column":1}}}},"branchMap":{},"s":{"0":0,"1":0,"2":0,"3":0,"4":0,"5":0,"6":0},"f":{"0":0},"b":{}}
}
