TN:
SF:C:\Users\bplos\Downloads\webpack-react-redux-master2\webpack-react-redux-master\server.js
FN:24,(anonymous_0)
FNF:1
FNH:0
FNDA:0,(anonymous_0)
DA:1,0
DA:2,0
DA:3,0
DA:5,0
DA:25,0
DA:26,0
DA:29,0
LF:7
LH:0
BRDA:25,0,0,0
BRDA:25,0,1,0
BRF:2
BRH:0
end_of_record
TN:
SF:C:\Users\bplos\Downloads\webpack-react-redux-master2\webpack-react-redux-master\webpack.config.js
FNF:0
FNH:0
DA:3,0
DA:4,0
DA:5,0
DA:7,0
LF:4
LH:0
BRF:0
BRH:0
end_of_record
TN:
SF:C:\Users\bplos\Downloads\webpack-react-redux-master2\webpack-react-redux-master\webpack.production.config.js
FNF:0
FNH:0
DA:3,0
DA:4,0
DA:5,0
DA:6,0
DA:7,0
DA:9,0
LF:6
LH:0
BRF:0
BRH:0
end_of_record
TN:
SF:C:\Users\bplos\Downloads\webpack-react-redux-master2\webpack-react-redux-master\app\index.js
FN:17,(anonymous_1)
FNF:1
FNH:0
FNDA:0,(anonymous_1)
DA:1,0
DA:2,0
DA:3,0
DA:4,0
DA:5,0
DA:7,0
DA:9,0
DA:16,0
DA:17,0
DA:18,0
DA:19,0
DA:20,0
DA:21,0
DA:22,0
LF:14
LH:0
BRDA:16,0,0,0
BRDA:16,0,1,0
BRF:2
BRH:0
end_of_record
TN:
SF:C:\Users\bplos\Downloads\webpack-react-redux-master2\webpack-react-redux-master\app\routes.js
FNF:0
FNH:0
DA:1,0
DA:2,0
DA:3,0
DA:4,0
LF:4
LH:0
BRF:0
BRH:0
end_of_record
TN:
SF:C:\Users\bplos\Downloads\webpack-react-redux-master2\webpack-react-redux-master\app\actions\index.js
FN:3,filterTable
FNF:1
FNH:0
FNDA:0,filterTable
DA:1,0
DA:4,0
LF:2
LH:0
BRF:0
BRH:0
end_of_record
TN:
SF:C:\Users\bplos\Downloads\webpack-react-redux-master2\webpack-react-redux-master\app\actions\types.js
FNF:0
FNH:0
DA:1,0
LF:1
LH:0
BRF:0
BRH:0
end_of_record
TN:
SF:C:\Users\bplos\Downloads\webpack-react-redux-master2\webpack-react-redux-master\app\components\About.js
FN:3,About
FNF:1
FNH:0
FNDA:0,About
DA:1,0
DA:3,0
LF:2
LH:0
BRF:0
BRH:0
end_of_record
TN:
SF:C:\Users\bplos\Downloads\webpack-react-redux-master2\webpack-react-redux-master\app\components\App.js
FN:6,App
FNF:1
FNH:0
FNDA:0,App
DA:1,0
DA:2,0
DA:3,0
DA:4,0
DA:6,0
LF:5
LH:0
BRF:0
BRH:0
end_of_record
TN:
SF:C:\Users\bplos\Downloads\webpack-react-redux-master2\webpack-react-redux-master\app\components\ProductRow.js
FN:4,ProductRow
FNF:1
FNH:0
FNDA:0,ProductRow
DA:1,0
DA:2,0
DA:4,0
DA:9,0
LF:4
LH:0
BRF:0
BRH:0
end_of_record
TN:
SF:C:\Users\bplos\Downloads\webpack-react-redux-master2\webpack-react-redux-master\app\components\ProductTable.js
FN:14,ProductTable
FN:17,(anonymous_2)
FNF:2
FNH:0
FNDA:0,ProductTable
FNDA:0,(anonymous_2)
DA:1,0
DA:2,0
DA:3,0
DA:5,0
DA:14,0
DA:15,0
DA:17,0
DA:18,0
DA:19,0
DA:21,0
DA:22,0
DA:28,0
DA:31,0
LF:13
LH:0
BRDA:21,0,0,0
BRDA:21,0,1,0
BRF:2
BRH:0
end_of_record
TN:
SF:C:\Users\bplos\Downloads\webpack-react-redux-master2\webpack-react-redux-master\app\containers\DevTools.js
FNF:0
FNH:0
DA:1,0
DA:2,0
DA:3,0
DA:4,0
LF:4
LH:0
BRF:0
BRH:0
end_of_record
TN:
SF:C:\Users\bplos\Downloads\webpack-react-redux-master2\webpack-react-redux-master\app\containers\FilterableTable.js
FN:8,FilterableTable
FN:15,ref
FN:16,onChange
FN:28,mapStateToProps
FN:34,mapDispatchToProps
FN:36,onFilter
FNF:6
FNH:0
FNDA:0,FilterableTable
FNDA:0,ref
FNDA:0,onChange
FNDA:0,mapStateToProps
FNDA:0,mapDispatchToProps
FNDA:0,onFilter
DA:1,0
DA:2,0
DA:3,0
DA:4,0
DA:5,0
DA:6,0
DA:8,0
DA:9,0
DA:11,0
DA:15,0
DA:16,0
DA:23,0
DA:28,0
DA:29,0
DA:34,0
DA:35,0
DA:36,0
LF:17
LH:0
BRF:0
BRH:0
end_of_record
TN:
SF:C:\Users\bplos\Downloads\webpack-react-redux-master2\webpack-react-redux-master\app\containers\Root.dev.js
FN:10,Root
FNF:1
FNH:0
FNDA:0,Root
DA:1,0
DA:2,0
DA:3,0
DA:4,0
DA:5,0
DA:7,0
DA:8,0
DA:10,0
DA:11,0
DA:23,0
LF:10
LH:0
BRF:0
BRH:0
end_of_record
TN:
SF:C:\Users\bplos\Downloads\webpack-react-redux-master2\webpack-react-redux-master\app\containers\Root.js
FNF:0
FNH:0
DA:1,0
DA:2,0
DA:4,0
LF:3
LH:0
BRDA:1,0,0,0
BRDA:1,0,1,0
BRF:2
BRH:0
end_of_record
TN:
SF:C:\Users\bplos\Downloads\webpack-react-redux-master2\webpack-react-redux-master\app\containers\Root.prod.js
FN:9,Root
FNF:1
FNH:0
FNDA:0,Root
DA:1,0
DA:2,0
DA:3,0
DA:4,0
DA:5,0
DA:7,0
DA:9,0
DA:10,0
DA:21,0
LF:9
LH:0
BRF:0
BRH:0
end_of_record
TN:
SF:C:\Users\bplos\Downloads\webpack-react-redux-master2\webpack-react-redux-master\app\reducers\index.js
FN:5,filter
FNF:1
FNH:0
FNDA:0,filter
DA:1,0
DA:2,0
DA:3,0
DA:5,0
DA:6,0
DA:8,0
DA:10,0
DA:15,0
LF:8
LH:0
BRDA:5,0,0,0
BRDA:5,0,1,0
BRDA:5,1,0,0
BRDA:5,1,1,0
BRDA:7,2,0,0
BRDA:7,2,1,0
BRF:6
BRH:0
end_of_record
TN:
SF:C:\Users\bplos\Downloads\webpack-react-redux-master2\webpack-react-redux-master\app\store\configureStore.dev.js
FN:10,configureStore
FNF:1
FNH:0
FNDA:0,configureStore
DA:1,0
DA:2,0
DA:3,0
DA:4,0
DA:5,0
DA:7,0
DA:8,0
DA:11,0
LF:8
LH:0
BRF:0
BRH:0
end_of_record
TN:
SF:C:\Users\bplos\Downloads\webpack-react-redux-master2\webpack-react-redux-master\app\store\configureStore.js
FNF:0
FNH:0
DA:1,0
DA:2,0
DA:4,0
LF:3
LH:0
BRDA:1,0,0,0
BRDA:1,0,1,0
BRF:2
BRH:0
end_of_record
TN:
SF:C:\Users\bplos\Downloads\webpack-react-redux-master2\webpack-react-redux-master\app\store\configureStore.prod.js
FN:9,configureStore
FNF:1
FNH:0
FNDA:0,configureStore
DA:1,0
DA:2,0
DA:3,0
DA:4,0
DA:6,0
DA:7,0
DA:10,0
LF:7
LH:0
BRF:0
BRH:0
end_of_record
